This file contains any messages produced by compilers while
running configure, to aid debugging if configure makes a mistake.

It was created by cross-detect configure 0.0, which was
generated by GNU Autoconf 2.71.  Invocation command line was

  $ /home/kc/Vintrixity/Vintrixity/src/limine/cross-detect/configure

## --------- ##
## Platform. ##
## --------- ##

hostname = tux
uname -m = x86_64
uname -r = 5.18.10-arch1-1
uname -s = Linux
uname -v = #1 SMP PREEMPT_DYNAMIC Thu, 07 Jul 2022 17:18:13 +0000

/usr/bin/uname -p = unknown
/bin/uname -X     = unknown

/bin/arch              = unknown
/usr/bin/arch -k       = unknown
/usr/convex/getsysinfo = unknown
/usr/bin/hostinfo      = unknown
/bin/machine           = unknown
/usr/bin/oslevel       = unknown
/bin/universe          = unknown

PATH: /sbin/
PATH: /bin/
PATH: /usr/local/sbin/
PATH: /usr/local/bin/
PATH: /usr/bin/
PATH: /usr/sbin/
PATH: /home/kc/.dotnet/tools/
PATH: /usr/lib/jvm/default/bin/
PATH: /usr/bin/site_perl/
PATH: /usr/bin/vendor_perl/
PATH: /usr/bin/core_perl/
PATH: /var/lib/snapd/snap/bin/
PATH: /home/kc/ipad-bin/osxcross/target/bin/
PATH: /home/kc/.local/bin/
PATH: /home/kc/.slimjet/slimjet/
PATH: /home/kc/macos/myos/src/osxcross/target/bin/
PATH: /sbin/


## ----------- ##
## Core tests. ##
## ----------- ##

configure:1840: checking for a sed that does not truncate output
configure:1910: result: /sbin/sed
configure:1922: checking for grep that handles long lines and -e
configure:1986: result: /sbin/grep
configure:2055: checking for x86_64-elf-gcc
configure:2090: result: no
configure:2104: checking for clang
configure:2125: found /sbin/clang
configure:2136: result: yes
configure:2961: checking for x86_64-elf-ld
configure:2996: result: no
configure:3012: checking for ld.lld
configure:3033: found /sbin/ld.lld
configure:3044: result: yes
configure:3369: checking for x86_64-elf-objcopy
configure:3404: result: no
configure:3420: checking for llvm-objcopy
configure:3455: result: no
configure:3464: checking for objcopy
configure:3485: found /sbin/objcopy
configure:3496: result: yes
configure:3573: checking for x86_64-elf-objdump
configure:3608: result: no
configure:3624: checking for llvm-objdump
configure:3659: result: no
configure:3668: checking for objdump
configure:3689: found /sbin/objdump
configure:3700: result: yes
configure:4907: creating ./config.status

## ---------------------- ##
## Running config.status. ##
## ---------------------- ##

This file was extended by cross-detect config.status 0.0, which was
generated by GNU Autoconf 2.71.  Invocation command line was

  CONFIG_FILES    = 
  CONFIG_HEADERS  = 
  CONFIG_LINKS    = 
  CONFIG_COMMANDS = 
  $ ./config.status 

on tux

config.status:776: creating x86_64-toolchain.mk

## ---------------- ##
## Cache variables. ##
## ---------------- ##

ac_cv_env_CROSS_ADDR2LINE_set=
ac_cv_env_CROSS_ADDR2LINE_value=
ac_cv_env_CROSS_AR_set=
ac_cv_env_CROSS_AR_value=
ac_cv_env_CROSS_CC_set=
ac_cv_env_CROSS_CC_value=
ac_cv_env_CROSS_CXXFILT_set=
ac_cv_env_CROSS_CXXFILT_value=
ac_cv_env_CROSS_LD_set=
ac_cv_env_CROSS_LD_value=
ac_cv_env_CROSS_NM_set=
ac_cv_env_CROSS_NM_value=
ac_cv_env_CROSS_OBJCOPY_set=
ac_cv_env_CROSS_OBJCOPY_value=
ac_cv_env_CROSS_OBJDUMP_set=
ac_cv_env_CROSS_OBJDUMP_value=
ac_cv_env_CROSS_RANLIB_set=
ac_cv_env_CROSS_RANLIB_value=
ac_cv_env_CROSS_READELF_set=
ac_cv_env_CROSS_READELF_value=
ac_cv_env_CROSS_SIZE_set=
ac_cv_env_CROSS_SIZE_value=
ac_cv_env_CROSS_STRINGS_set=
ac_cv_env_CROSS_STRINGS_value=
ac_cv_env_CROSS_STRIP_set=
ac_cv_env_CROSS_STRIP_value=
ac_cv_env_CROSS_TOOLCHAIN_set=
ac_cv_env_CROSS_TOOLCHAIN_value=
ac_cv_env_build_alias_set=
ac_cv_env_build_alias_value=
ac_cv_env_host_alias_set=
ac_cv_env_host_alias_value=
ac_cv_env_target_alias_set=
ac_cv_env_target_alias_value=
ac_cv_path_GREP=/sbin/grep
ac_cv_path_SED=/sbin/sed
ac_cv_prog_CROSS_CC_2=yes
ac_cv_prog_CROSS_LD_2=yes
ac_cv_prog_CROSS_OBJCOPY_3=yes
ac_cv_prog_CROSS_OBJDUMP_3=yes

## ----------------- ##
## Output variables. ##
## ----------------- ##

CROSS_ADDR2LINE=''
CROSS_ADDR2LINE_0=''
CROSS_ADDR2LINE_1=''
CROSS_ADDR2LINE_2=''
CROSS_ADDR2LINE_3=''
CROSS_AR=''
CROSS_AR_0=''
CROSS_AR_1=''
CROSS_AR_2=''
CROSS_AR_3=''
CROSS_CC='clang --target=x86_64-elf'
CROSS_CC_0=''
CROSS_CC_1=''
CROSS_CC_2='yes'
CROSS_CC_3=''
CROSS_CC_4=''
CROSS_CXXFILT=''
CROSS_CXXFILT_0=''
CROSS_CXXFILT_1=''
CROSS_CXXFILT_2=''
CROSS_CXXFILT_3=''
CROSS_LD='ld.lld'
CROSS_LD_0=''
CROSS_LD_1=''
CROSS_LD_2='yes'
CROSS_LD_3=''
CROSS_LD_HAS_NO_PIE='yes'
CROSS_NM=''
CROSS_NM_0=''
CROSS_NM_1=''
CROSS_NM_2=''
CROSS_NM_3=''
CROSS_OBJCOPY='objcopy'
CROSS_OBJCOPY_0=''
CROSS_OBJCOPY_1=''
CROSS_OBJCOPY_2=''
CROSS_OBJCOPY_3='yes'
CROSS_OBJDUMP='objdump'
CROSS_OBJDUMP_0=''
CROSS_OBJDUMP_1=''
CROSS_OBJDUMP_2=''
CROSS_OBJDUMP_3='yes'
CROSS_RANLIB=''
CROSS_RANLIB_0=''
CROSS_RANLIB_1=''
CROSS_RANLIB_2=''
CROSS_RANLIB_3=''
CROSS_READELF=''
CROSS_READELF_0=''
CROSS_READELF_1=''
CROSS_READELF_2=''
CROSS_READELF_3=''
CROSS_SIZE=''
CROSS_SIZE_0=''
CROSS_SIZE_1=''
CROSS_SIZE_2=''
CROSS_SIZE_3=''
CROSS_STRINGS=''
CROSS_STRINGS_0=''
CROSS_STRINGS_1=''
CROSS_STRINGS_2=''
CROSS_STRINGS_3=''
CROSS_STRIP=''
CROSS_STRIP_0=''
CROSS_STRIP_1=''
CROSS_STRIP_2=''
CROSS_STRIP_3=''
CROSS_TOOLCHAIN='x86_64-elf'
DEFS='-DPACKAGE_NAME=\"cross-detect\" -DPACKAGE_TARNAME=\"cross-detect\" -DPACKAGE_VERSION=\"0.0\" -DPACKAGE_STRING=\"cross-detect\ 0.0\" -DPACKAGE_BUGREPORT=\"https://github.com/mintsuki/cross-detect/issues\" -DPACKAGE_URL=\"\"'
ECHO_C=''
ECHO_N='-n'
ECHO_T=''
GREP='/sbin/grep'
LIBOBJS=''
LIBS=''
LTLIBOBJS=''
PACKAGE_BUGREPORT='https://github.com/mintsuki/cross-detect/issues'
PACKAGE_NAME='cross-detect'
PACKAGE_STRING='cross-detect 0.0'
PACKAGE_TARNAME='cross-detect'
PACKAGE_URL=''
PACKAGE_VERSION='0.0'
PATH_SEPARATOR=':'
SED='/sbin/sed'
SHELL='/bin/sh'
bindir='${exec_prefix}/bin'
build_alias=''
datadir='${datarootdir}'
datarootdir='${prefix}/share'
docdir='${datarootdir}/doc/${PACKAGE_TARNAME}'
dvidir='${docdir}'
exec_prefix='${prefix}'
host_alias=''
htmldir='${docdir}'
includedir='${prefix}/include'
infodir='${datarootdir}/info'
libdir='${exec_prefix}/lib'
libexecdir='${exec_prefix}/libexec'
localedir='${datarootdir}/locale'
localstatedir='${prefix}/var'
mandir='${datarootdir}/man'
oldincludedir='/usr/include'
pdfdir='${docdir}'
prefix='/usr/local'
program_transform_name='s,x,x,'
psdir='${docdir}'
runstatedir='${localstatedir}/run'
sbindir='${exec_prefix}/sbin'
sharedstatedir='${prefix}/com'
sysconfdir='${prefix}/etc'
target_alias=''

## ----------- ##
## confdefs.h. ##
## ----------- ##

/* confdefs.h */
#define PACKAGE_NAME "cross-detect"
#define PACKAGE_TARNAME "cross-detect"
#define PACKAGE_VERSION "0.0"
#define PACKAGE_STRING "cross-detect 0.0"
#define PACKAGE_BUGREPORT "https://github.com/mintsuki/cross-detect/issues"
#define PACKAGE_URL ""

configure: exit 0
