This file contains any messages produced by compilers while
running configure, to aid debugging if configure makes a mistake.

It was created by Limine configure e075240, which was
generated by GNU Autoconf 2.71.  Invocation command line was

  $ ./configure --prefix=/home/kc/Vintrixity/Vintrixity/src/../../build/sysroot//System/ CC=clang 'CFLAGS=-static -fPIE -pie -Wall' --bindir=/home/kc/Vintrixity/Vintrixity/src/../../build/sysroot//System//sbin --enable-uefi-x86_64

## --------- ##
## Platform. ##
## --------- ##

hostname = tux
uname -m = x86_64
uname -r = 5.18.10-arch1-1
uname -s = Linux
uname -v = #1 SMP PREEMPT_DYNAMIC Thu, 07 Jul 2022 17:18:13 +0000

/usr/bin/uname -p = unknown
/bin/uname -X     = unknown

/bin/arch              = unknown
/usr/bin/arch -k       = unknown
/usr/convex/getsysinfo = unknown
/usr/bin/hostinfo      = unknown
/bin/machine           = unknown
/usr/bin/oslevel       = unknown
/bin/universe          = unknown

PATH: /sbin/
PATH: /bin/
PATH: /usr/local/sbin/
PATH: /usr/local/bin/
PATH: /usr/bin/
PATH: /usr/sbin/
PATH: /home/kc/.dotnet/tools/
PATH: /usr/lib/jvm/default/bin/
PATH: /usr/bin/site_perl/
PATH: /usr/bin/vendor_perl/
PATH: /usr/bin/core_perl/
PATH: /var/lib/snapd/snap/bin/
PATH: /home/kc/ipad-bin/osxcross/target/bin/
PATH: /home/kc/.local/bin/
PATH: /home/kc/.slimjet/slimjet/
PATH: /home/kc/macos/myos/src/osxcross/target/bin/
PATH: /sbin/


## ----------- ##
## Core tests. ##
## ----------- ##

configure:2119: looking for aux files: install-sh
configure:2132:  trying ./build-aux/
configure:2143:   ./build-aux/install-sh found
configure:2350: checking for gcc
configure:2382: result: clang
configure:2735: checking for C compiler version
configure:2744: clang --version >&5
clang version 14.0.6
Target: x86_64-pc-linux-gnu
Thread model: posix
InstalledDir: /sbin
configure:2755: $? = 0
configure:2744: clang -v >&5
clang version 14.0.6
Target: x86_64-pc-linux-gnu
Thread model: posix
InstalledDir: /sbin
Found candidate GCC installation: /sbin/../lib/gcc/x86_64-pc-linux-gnu/12.1.0
Found candidate GCC installation: /sbin/../lib64/gcc/x86_64-pc-linux-gnu/12.1.0
Selected GCC installation: /sbin/../lib64/gcc/x86_64-pc-linux-gnu/12.1.0
Candidate multilib: .;@m64
Candidate multilib: 32;@m32
Selected multilib: .;@m64
... rest of stderr output deleted ...
configure:2755: $? = 0
configure:2744: clang -V >&5
clang-14: error: argument to '-V' is missing (expected 1 value)
clang-14: error: no input files
configure:2755: $? = 1
configure:2744: clang -qversion >&5
clang-14: error: unknown argument '-qversion'; did you mean '--version'?
clang-14: error: no input files
configure:2755: $? = 1
configure:2744: clang -version >&5
clang-14: error: unknown argument '-version'; did you mean '--version'?
clang-14: error: no input files
configure:2755: $? = 1
configure:2775: checking whether the C compiler works
configure:2797: clang -static -fPIE -pie -Wall   conftest.c  >&5
clang-14: warning: argument unused during compilation: '-pie' [-Wunused-command-line-argument]
configure:2801: $? = 0
configure:2851: result: yes
configure:2854: checking for C compiler default output file name
configure:2856: result: a.out
configure:2862: checking for suffix of executables
configure:2869: clang -o conftest -static -fPIE -pie -Wall   conftest.c  >&5
clang-14: warning: argument unused during compilation: '-pie' [-Wunused-command-line-argument]
configure:2873: $? = 0
configure:2896: result: 
configure:2918: checking whether we are cross compiling
configure:2926: clang -o conftest -static -fPIE -pie -Wall   conftest.c  >&5
clang-14: warning: argument unused during compilation: '-pie' [-Wunused-command-line-argument]
configure:2930: $? = 0
configure:2937: ./conftest
configure:2941: $? = 0
configure:2956: result: no
configure:2961: checking for suffix of object files
configure:2984: clang -c -static -fPIE -pie -Wall  conftest.c >&5
clang-14: warning: argument unused during compilation: '-pie' [-Wunused-command-line-argument]
configure:2988: $? = 0
configure:3010: result: o
configure:3014: checking whether the compiler supports GNU C
configure:3034: clang -c -static -fPIE -pie -Wall  conftest.c >&5
clang-14: warning: argument unused during compilation: '-pie' [-Wunused-command-line-argument]
configure:3034: $? = 0
configure:3044: result: yes
configure:3055: checking whether clang accepts -g
configure:3076: clang -c -g  conftest.c >&5
configure:3076: $? = 0
configure:3120: result: yes
configure:3140: checking for clang option to enable C11 features
configure:3155: clang  -c -static -fPIE -pie -Wall  conftest.c >&5
clang-14: warning: argument unused during compilation: '-pie' [-Wunused-command-line-argument]
configure:3155: $? = 0
configure:3173: result: none needed
configure:3300: checking for a race-free mkdir -p
configure:3344: result: /sbin/mkdir -p
configure:3365: checking for a BSD-compatible install
configure:3438: result: /bin/install -c
configure:3452: checking for a sed that does not truncate output
configure:3522: result: /sbin/sed
configure:3527: checking for grep that handles long lines and -e
configure:3591: result: /sbin/grep
configure:3600: checking for gawk
configure:3621: found /sbin/gawk
configure:3632: result: gawk
configure:3646: checking for find
configure:3667: found /sbin/find
configure:3678: result: yes
configure:3894: checking for nasm
configure:3915: found /sbin/nasm
configure:3926: result: yes
configure:4151: creating ./config.status

## ---------------------- ##
## Running config.status. ##
## ---------------------- ##

This file was extended by Limine config.status e075240, which was
generated by GNU Autoconf 2.71.  Invocation command line was

  CONFIG_FILES    = 
  CONFIG_HEADERS  = 
  CONFIG_LINKS    = 
  CONFIG_COMMANDS = 
  $ ./config.status 

on tux

config.status:750: creating GNUmakefile
config.status:750: creating config.h
configure:5233: === configuring in cross-detect (/home/kc/Vintrixity/Vintrixity/src/limine/cross-detect)
configure:5294: running /bin/sh ./configure.gnu --disable-option-checking '--prefix=/home/kc/Vintrixity/Vintrixity/src/../../build/sysroot//System'  'CC=clang' 'CFLAGS=-static -fPIE -pie -Wall' '--bindir=/home/kc/Vintrixity/Vintrixity/src/../../build/sysroot//System//sbin' '--enable-uefi-x86_64' --cache-file=/dev/null --srcdir=.

## ---------------- ##
## Cache variables. ##
## ---------------- ##

ac_cv_c_compiler_gnu=yes
ac_cv_env_CC_set=set
ac_cv_env_CC_value=clang
ac_cv_env_CFLAGS_set=set
ac_cv_env_CFLAGS_value='-static -fPIE -pie -Wall'
ac_cv_env_CPPFLAGS_set=
ac_cv_env_CPPFLAGS_value=
ac_cv_env_CROSS_CC_set=
ac_cv_env_CROSS_CC_value=
ac_cv_env_CROSS_CFLAGS_set=
ac_cv_env_CROSS_CFLAGS_value=
ac_cv_env_CROSS_LDFLAGS_set=
ac_cv_env_CROSS_LDFLAGS_value=
ac_cv_env_CROSS_LD_set=
ac_cv_env_CROSS_LD_value=
ac_cv_env_CROSS_OBJCOPY_set=
ac_cv_env_CROSS_OBJCOPY_value=
ac_cv_env_CROSS_OBJDUMP_set=
ac_cv_env_CROSS_OBJDUMP_value=
ac_cv_env_CROSS_READELF_set=
ac_cv_env_CROSS_READELF_value=
ac_cv_env_CROSS_TOOLCHAIN_set=
ac_cv_env_CROSS_TOOLCHAIN_value=
ac_cv_env_LDFLAGS_set=
ac_cv_env_LDFLAGS_value=
ac_cv_env_LIBS_set=
ac_cv_env_LIBS_value=
ac_cv_env_build_alias_set=
ac_cv_env_build_alias_value=
ac_cv_env_host_alias_set=
ac_cv_env_host_alias_value=
ac_cv_env_target_alias_set=
ac_cv_env_target_alias_value=
ac_cv_objext=o
ac_cv_path_GREP=/sbin/grep
ac_cv_path_SED=/sbin/sed
ac_cv_path_install='/bin/install -c'
ac_cv_path_mkdir=/sbin/mkdir
ac_cv_prog_AWK=gawk
ac_cv_prog_FIND_FOUND=yes
ac_cv_prog_NASM_FOUND=yes
ac_cv_prog_ac_ct_CC=clang
ac_cv_prog_cc_c11=
ac_cv_prog_cc_g=yes
ac_cv_prog_cc_stdc=

## ----------------- ##
## Output variables. ##
## ----------------- ##

AWK='gawk'
BUILDDIR='/home/kc/Vintrixity/Vintrixity/src/limine'
BUILD_BIOS=''
BUILD_CD='no'
BUILD_CD_EFI='no'
BUILD_LIMINE_DEPLOY='no'
BUILD_PXE='no'
BUILD_UEFI_AARCH64=''
BUILD_UEFI_IA32=''
BUILD_UEFI_X86_64='limine-uefi-x86-64'
CC='clang'
CFLAGS='-static -fPIE -pie -Wall'
CPPFLAGS=''
CROSS_CC=''
CROSS_CFLAGS='-g -O2 -pipe -Wall -Wextra'
CROSS_LD=''
CROSS_LDFLAGS=''
CROSS_OBJCOPY=''
CROSS_OBJDUMP=''
CROSS_READELF=''
CROSS_TOOLCHAIN=''
DEFS='-DPACKAGE_NAME=\"Limine\" -DPACKAGE_TARNAME=\"limine\" -DPACKAGE_VERSION=\"e075240\" -DPACKAGE_STRING=\"Limine\ e075240\" -DPACKAGE_BUGREPORT=\"https://github.com/limine-bootloader/limine/issues\" -DPACKAGE_URL=\"https://limine-bootloader.org/\"'
ECHO_C=''
ECHO_N='-n'
ECHO_T=''
EXEEXT=''
FIND_FOUND='yes'
GREP='/sbin/grep'
GZIP_FOUND=''
INSTALL_DATA='${INSTALL} -m 644'
INSTALL_PROGRAM='${INSTALL}'
INSTALL_SCRIPT='${INSTALL}'
LDFLAGS=''
LIBOBJS=''
LIBS=''
LIMINE_COPYRIGHT='Copyright 2019, 2020, 2021, 2022 mintsuki and contributors.'
LTLIBOBJS=''
MKDIR_P='/sbin/mkdir -p'
MTOOLS_FOUND=''
NASM_FOUND='yes'
OBJEXT='o'
PACKAGE_BUGREPORT='https://github.com/limine-bootloader/limine/issues'
PACKAGE_NAME='Limine'
PACKAGE_STRING='Limine e075240'
PACKAGE_TARNAME='limine'
PACKAGE_URL='https://limine-bootloader.org/'
PACKAGE_VERSION='e075240'
PATH_SEPARATOR=':'
SED='/sbin/sed'
SHELL='/bin/sh'
SRCDIR='/home/kc/Vintrixity/Vintrixity/src/limine'
WERROR=''
ac_ct_CC='clang'
bindir='/home/kc/Vintrixity/Vintrixity/src/../../build/sysroot//System//sbin'
build_alias=''
datadir='${datarootdir}'
datarootdir='${prefix}/share'
docdir='${datarootdir}/doc/${PACKAGE_TARNAME}'
dvidir='${docdir}'
exec_prefix='${prefix}'
host_alias=''
htmldir='${docdir}'
includedir='${prefix}/include'
infodir='${datarootdir}/info'
libdir='${exec_prefix}/lib'
libexecdir='${exec_prefix}/libexec'
localedir='${datarootdir}/locale'
localstatedir='${prefix}/var'
mandir='${datarootdir}/man'
oldincludedir='/usr/include'
pdfdir='${docdir}'
prefix='/home/kc/Vintrixity/Vintrixity/src/../../build/sysroot//System'
program_transform_name='s,x,x,'
psdir='${docdir}'
runstatedir='${localstatedir}/run'
sbindir='${exec_prefix}/sbin'
sharedstatedir='${prefix}/com'
subdirs=' cross-detect'
sysconfdir='${prefix}/etc'
target_alias=''

## ----------- ##
## confdefs.h. ##
## ----------- ##

/* confdefs.h */
#define PACKAGE_NAME "Limine"
#define PACKAGE_TARNAME "limine"
#define PACKAGE_VERSION "e075240"
#define PACKAGE_STRING "Limine e075240"
#define PACKAGE_BUGREPORT "https://github.com/limine-bootloader/limine/issues"
#define PACKAGE_URL "https://limine-bootloader.org/"

configure: exit 0
